2026-03-30T17:09:28.145771637 [anonymous-instance:fc_api:INFO:src/firecracker/src/api_server/parsed_request.rs:179] The request was executed successfully. Status code: 204 No Content.
2026-03-30T17:09:28.146187808 [anonymous-instance:fc_api:DEBUG:src/firecracker/src/api_server/mod.rs:115] Total previous API call duration: 591 us.
2026-03-30T17:09:28.164897820 [anonymous-instance:fc_api:INFO:src/firecracker/src/api_server/parsed_request.rs:74] The API server received a Put request on "/boot-source" with body "{\n        \"kernel_image_path\": \"./vmlinux-6.1.155\",\n        \"boot_args\": \"console=ttyS0 reboot=k panic=1\"\n    }".
2026-03-30T17:09:28.164979758 [anonymous-instance:fc_api:INFO:src/firecracker/src/api_server/parsed_request.rs:179] The request was executed successfully. Status code: 204 No Content.
2026-03-30T17:09:28.164992519 [anonymous-instance:fc_api:DEBUG:src/firecracker/src/api_server/mod.rs:115] Total previous API call duration: 102 us.
2026-03-30T17:09:28.180849533 [anonymous-instance:fc_api:INFO:src/firecracker/src/api_server/parsed_request.rs:74] The API server received a Put request on "/drives/rootfs" with body "{\n        \"drive_id\": \"rootfs\",\n        \"path_on_host\": \"./ubuntu-24.04.ext4\",\n        \"is_root_device\": true,\n        \"is_read_only\": false\n    }".
2026-03-30T17:09:28.181029603 [anonymous-instance:fc_api:INFO:src/firecracker/src/api_server/parsed_request.rs:179] The request was executed successfully. Status code: 204 No Content.
2026-03-30T17:09:28.181047921 [anonymous-instance:fc_api:DEBUG:src/firecracker/src/api_server/mod.rs:115] Total previous API call duration: 206 us.
2026-03-30T17:09:28.195126980 [anonymous-instance:fc_api:INFO:src/firecracker/src/api_server/parsed_request.rs:74] The API server received a Put request on "/network-interfaces/net1" with body "{\n        \"iface_id\": \"net1\",\n        \"guest_mac\": \"06:00:AC:10:00:02\",\n        \"host_dev_name\": \"tap0\"\n    }".
2026-03-30T17:09:28.196683479 [anonymous-instance:fc_api:INFO:src/firecracker/src/api_server/parsed_request.rs:179] The request was executed successfully. Status code: 204 No Content.
2026-03-30T17:09:28.196719003 [anonymous-instance:fc_api:DEBUG:src/firecracker/src/api_server/mod.rs:115] Total previous API call duration: 1597 us.
2026-03-30T17:09:28.229020257 [anonymous-instance:fc_api:INFO:src/firecracker/src/api_server/parsed_request.rs:74] The API server received a Put request on "/actions" with body "{\n        \"action_type\": \"InstanceStart\"\n    }".
2026-03-30T17:09:28.229073249 [anonymous-instance:main:DEBUG:src/vmm/src/builder.rs:383] event_start: build microvm for boot
2026-03-30T17:09:28.282727332 [anonymous-instance:main:DEBUG:src/vmm/src/arch/x86_64/mod.rs:458] Kernel loaded using PVH boot protocol
2026-03-30T17:09:28.282811111 [anonymous-instance:main:INFO:src/vmm/src/devices/pci/pci_segment.rs:132] pci: adding PCI segment: id=0x0, PCI MMIO config address: 0xeec00000, mem32 area: [0xc0001000-0xeebfffff], mem64 area: [0x4000000000-0x7fffffffff] IO area: [0xcf8-0xcff]
2026-03-30T17:09:28.282857402 [anonymous-instance:main:DEBUG:src/vmm/src/device_manager/pci_mngr.rs:119] Allocating BDF: 0000:00:01.0 for device
2026-03-30T17:09:28.282868756 [anonymous-instance:main:DEBUG:src/vmm/src/vstate/vm.rs:474] Creating new MSI group with 2 vectors
2026-03-30T17:09:28.282907546 [anonymous-instance:main:DEBUG:src/vmm/src/device_manager/pci_mngr.rs:95] Inserting MMIO BAR region: 0x4000000000:0x80000
2026-03-30T17:09:28.282953817 [anonymous-instance:main:DEBUG:src/vmm/src/device_manager/pci_mngr.rs:119] Allocating BDF: 0000:00:02.0 for device
2026-03-30T17:09:28.282961645 [anonymous-instance:main:DEBUG:src/vmm/src/vstate/vm.rs:474] Creating new MSI group with 3 vectors
2026-03-30T17:09:28.282994238 [anonymous-instance:main:DEBUG:src/vmm/src/device_manager/pci_mngr.rs:95] Inserting MMIO BAR region: 0x4000080000:0x80000
2026-03-30T17:09:28.283037419 [anonymous-instance:main:DEBUG:src/vmm/src/devices/acpi/vmgenid.rs:61] vmgenid: building VMGenID device. Address: 0x000dfff0. IRQ: 5
2026-03-30T17:09:28.283109629 [anonymous-instance:main:DEBUG:src/vmm/src/devices/acpi/vmgenid.rs:114] vmgenid: writing new generation ID to guest: 0xb79285616cbde2e47d102bbb3073d76a
2026-03-30T17:09:28.283498900 [anonymous-instance:main:DEBUG:src/vmm/src/arch/x86_64/mptable.rs:129] mptable: Allocated 304 bytes for MPTable 1 vCPUs at address 0x0009fc00
2026-03-30T17:09:28.283848260 [anonymous-instance:main:DEBUG:src/vmm/src/acpi/mod.rs:73] acpi: Wrote table (4129 bytes) at address: 0x0009fd30
2026-03-30T17:09:28.283866890 [anonymous-instance:main:DEBUG:src/vmm/src/acpi/mod.rs:73] acpi: Wrote table (276 bytes) at address: 0x000a0d51
2026-03-30T17:09:28.283876202 [anonymous-instance:main:DEBUG:src/vmm/src/acpi/mod.rs:73] acpi: Wrote table (64 bytes) at address: 0x000a0e65
2026-03-30T17:09:28.283884058 [anonymous-instance:main:DEBUG:src/vmm/src/acpi/mod.rs:73] acpi: Wrote table (60 bytes) at address: 0x000a0ea5
2026-03-30T17:09:28.283892019 [anonymous-instance:main:DEBUG:src/vmm/src/acpi/mod.rs:73] acpi: Wrote table (60 bytes) at address: 0x000a0ee1
2026-03-30T17:09:28.283901159 [anonymous-instance:main:DEBUG:src/vmm/src/acpi/mod.rs:184] acpi: Wrote RSDP (36 bytes) at address: 0x000e0000
2026-03-30T17:09:28.284578370 [anonymous-instance:main:DEBUG:src/vmm/src/builder.rs:385] event_end: build microvm for boot
2026-03-30T17:09:28.284601333 [anonymous-instance:main:DEBUG:src/vmm/src/builder.rs:387] event_start: boot microvm
2026-03-30T17:09:28.284607666 [anonymous-instance:main:INFO:src/vmm/src/device_manager/mod.rs:281] Artificially kick devices
2026-03-30T17:09:28.284645991 [anonymous-instance:fc_vcpu 0:WARN:src/vmm/src/vstate/vcpu.rs:303] Received a VcpuEvent::Resume message with immediate_exit enabled. immediate_exit was disabled before proceeding
2026-03-30T17:09:28.284676046 [anonymous-instance:main:DEBUG:src/vmm/src/builder.rs:389] event_end: boot microvm
2026-03-30T17:09:28.284716076 [anonymous-instance:fc_api:INFO:src/firecracker/src/api_server/parsed_request.rs:179] The request was executed successfully. Status code: 204 No Content.
2026-03-30T17:09:28.284742746 [anonymous-instance:fc_api:DEBUG:src/firecracker/src/api_server/mod.rs:115] Total previous API call duration: 55729 us.
2026-03-30T17:09:28.787763475 [anonymous-instance:fc_vcpu 0:WARN:src/vmm/src/arch/x86_64/vcpu.rs:731] vcpu: IO read @ 0x87:0x1 failed: bus_error: MissingAddressRange
2026-03-30T17:09:28.863218021 [anonymous-instance:fc_vcpu 0:DEBUG:src/vmm/src/pci/msix.rs:188] MSI-X disabled for device 0x8
2026-03-30T17:09:28.863666615 [anonymous-instance:fc_vcpu 0:DEBUG:src/vmm/src/pci/msix.rs:174] MSI-X enabled for device 0x8
2026-03-30T17:09:28.867711456 [anonymous-instance:fc_vcpu 0:DEBUG:src/vmm/src/devices/virtio/transport/pci/device.rs:889] Activating device
2026-03-30T17:09:28.873785635 [anonymous-instance:fc_vcpu 0:DEBUG:src/vmm/src/pci/msix.rs:188] MSI-X disabled for device 0x10
2026-03-30T17:09:28.874316364 [anonymous-instance:fc_vcpu 0:DEBUG:src/vmm/src/pci/msix.rs:174] MSI-X enabled for device 0x10
2026-03-30T17:09:28.875560155 [anonymous-instance:fc_vcpu 0:DEBUG:src/vmm/src/devices/virtio/transport/pci/device.rs:889] Activating device
2026-03-30T17:16:02.055159292 [anonymous-instance:fc_vcpu 0:ERROR:src/vmm/src/devices/virtio/transport/pci/device.rs:929] Attempt to reset device when not implemented in underlying device
2026-03-30T17:16:02.055224926 [anonymous-instance:fc_vcpu 0:ERROR:src/vmm/src/devices/virtio/transport/pci/device.rs:929] Attempt to reset device when not implemented in underlying device
2026-03-30T17:16:02.057726982 [anonymous-instance:main:INFO:src/vmm/src/lib.rs:779] Vmm is stopping.
2026-03-30T17:16:02.057754743 [anonymous-instance:fc_api:DEBUG:src/firecracker/src/api_server/mod.rs:96] shutdown request received, API server thread ending.
2026-03-30T17:16:02.057861319 [anonymous-instance:main:INFO:src/vmm/src/lib.rs:819] Killing vCPU threads
2026-03-30T17:16:02.121182038 [anonymous-instance:main:INFO:src/firecracker/src/main.rs:103] Firecracker exiting successfully. exit_code=0
rc/vmm/src/pci/msix.rs:188] MSI-X disabled for device 0x10
2026-03-30T07:11:09.523357976 [anonymous-instance:fc_vcpu 0:DEBUG:src/vmm/src/pci/msix.rs:174] MSI-X enabled for device 0x10
2026-03-30T07:11:09.527223071 [anonymous-instance:fc_vcpu 0:DEBUG:src/vmm/src/devices/virtio/transport/pci/device.rs:889] Activating device
2026-03-30T07:11:09.531955076 [anonymous-instance:fc_vcpu 0:DEBUG:src/vmm/src/pci/msix.rs:188] MSI-X disabled for device 0x18
2026-03-30T07:11:09.532427745 [anonymous-instance:fc_vcpu 0:DEBUG:src/vmm/src/pci/msix.rs:174] MSI-X enabled for device 0x18
2026-03-30T07:11:09.533726157 [anonymous-instance:fc_vcpu 0:DEBUG:src/vmm/src/devices/virtio/transport/pci/device.rs:889] Activating device
2026-03-30T07:18:13.596971505 [anonymous-instance:fc_vcpu 0:ERROR:src/vmm/src/devices/virtio/transport/pci/device.rs:929] Attempt to reset device when not implemented in underlying device
2026-03-30T07:18:13.597033689 [anonymous-instance:fc_vcpu 0:ERROR:src/vmm/src/devices/virtio/transport/pci/device.rs:929] Attempt to reset device when not implemented in underlying device
2026-03-30T07:18:13.597072284 [anonymous-instance:fc_vcpu 0:ERROR:src/vmm/src/devices/virtio/transport/pci/device.rs:929] Attempt to reset device when not implemented in underlying device
2026-03-30T07:18:13.599699808 [anonymous-instance:main:INFO:src/vmm/src/lib.rs:779] Vmm is stopping.
2026-03-30T07:18:13.599981225 [anonymous-instance:fc_api:DEBUG:src/firecracker/src/api_server/mod.rs:96] shutdown request received, API server thread ending.
2026-03-30T07:18:13.600358515 [anonymous-instance:main:INFO:src/vmm/src/lib.rs:819] Killing vCPU threads
2026-03-30T07:18:13.600414002 [anonymous-instance:fc_vcpu 0:WARN:src/vmm/src/vstate/vcpu.rs:389] Requested a vCPU run with immediate_exit enabled. The operation was skipped
2026-03-30T07:18:13.660035814 [anonymous-instance:main:INFO:src/firecracker/src/main.rs:103] Firecracker exiting successfully. exit_code=0
